This is pdfTeX, Version 3.14159265-2.6-1.40.19 (TeX Live 2018) (preloaded format=pdflatex 2018.11.28)  21 FEB 2019 23:09
entering extended mode
 restricted \write18 enabled.
 %&-line parsing enabled.
**dataMaid_trees.tex
(./dataMaid_trees.tex
LaTeX2e <2018-04-01> patch level 5
(/Users/vija/Library/TinyTeX/texmf-dist/tex/latex/base/report.cls
Document Class: report 2014/09/29 v1.4h Standard LaTeX document class
(/Users/vija/Library/TinyTeX/texmf-dist/tex/latex/base/size10.clo
File: size10.clo 2014/09/29 v1.4h Standard LaTeX file (size option)
)
\c@part=\count80
\c@chapter=\count81
\c@section=\count82
\c@subsection=\count83
\c@subsubsection=\count84
\c@paragraph=\count85
\c@subparagraph=\count86
\c@figure=\count87
\c@table=\count88
\abovecaptionskip=\skip41
\belowcaptionskip=\skip42
\bibindent=\dimen102
) (/Users/vija/Library/TinyTeX/texmf-dist/tex/latex/lm/lmodern.sty
Package: lmodern 2009/10/30 v1.6 Latin Modern Fonts
LaTeX Font Info:    Overwriting symbol font `operators' in version `normal'
(Font)                  OT1/cmr/m/n --> OT1/lmr/m/n on input line 22.
LaTeX Font Info:    Overwriting symbol font `letters' in version `normal'
(Font)                  OML/cmm/m/it --> OML/lmm/m/it on input line 23.
LaTeX Font Info:    Overwriting symbol font `symbols' in version `normal'
(Font)                  OMS/cmsy/m/n --> OMS/lmsy/m/n on input line 24.
LaTeX Font Info:    Overwriting symbol font `largesymbols' in version `normal'
(Font)                  OMX/cmex/m/n --> OMX/lmex/m/n on input line 25.
LaTeX Font Info:    Overwriting symbol font `operators' in version `bold'
(Font)                  OT1/cmr/bx/n --> OT1/lmr/bx/n on input line 26.
LaTeX Font Info:    Overwriting symbol font `letters' in version `bold'
(Font)                  OML/cmm/b/it --> OML/lmm/b/it on input line 27.
LaTeX Font Info:    Overwriting symbol font `symbols' in version `bold'
(Font)                  OMS/cmsy/b/n --> OMS/lmsy/b/n on input line 28.
LaTeX Font Info:    Overwriting symbol font `largesymbols' in version `bold'
(Font)                  OMX/cmex/m/n --> OMX/lmex/m/n on input line 29.
LaTeX Font Info:    Overwriting math alphabet `\mathbf' in version `normal'
(Font)                  OT1/cmr/bx/n --> OT1/lmr/bx/n on input line 31.
LaTeX Font Info:    Overwriting math alphabet `\mathsf' in version `normal'
(Font)                  OT1/cmss/m/n --> OT1/lmss/m/n on input line 32.
LaTeX Font Info:    Overwriting math alphabet `\mathit' in version `normal'
(Font)                  OT1/cmr/m/it --> OT1/lmr/m/it on input line 33.
LaTeX Font Info:    Overwriting math alphabet `\mathtt' in version `normal'
(Font)                  OT1/cmtt/m/n --> OT1/lmtt/m/n on input line 34.
LaTeX Font Info:    Overwriting math alphabet `\mathbf' in version `bold'
(Font)                  OT1/cmr/bx/n --> OT1/lmr/bx/n on input line 35.
LaTeX Font Info:    Overwriting math alphabet `\mathsf' in version `bold'
(Font)                  OT1/cmss/bx/n --> OT1/lmss/bx/n on input line 36.
LaTeX Font Info:    Overwriting math alphabet `\mathit' in version `bold'
(Font)                  OT1/cmr/bx/it --> OT1/lmr/bx/it on input line 37.
LaTeX Font Info:    Overwriting math alphabet `\mathtt' in version `bold'
(Font)                  OT1/cmtt/m/n --> OT1/lmtt/m/n on input line 38.
) (/Users/vija/Library/TinyTeX/texmf-dist/tex/latex/amsfonts/amssymb.sty
Package: amssymb 2013/01/14 v3.01 AMS font symbols
(/Users/vija/Library/TinyTeX/texmf-dist/tex/latex/amsfonts/amsfonts.sty
Package: amsfonts 2013/01/14 v3.01 Basic AMSFonts support
\@emptytoks=\toks14
\symAMSa=\mathgroup4
\symAMSb=\mathgroup5
LaTeX Font Info:    Overwriting math alphabet `\mathfrak' in version `bold'
(Font)                  U/euf/m/n --> U/euf/b/n on input line 106.
)) (/Users/vija/Library/TinyTeX/texmf-dist/tex/latex/amsmath/amsmath.sty
Package: amsmath 2017/09/02 v2.17a AMS math features
\@mathmargin=\skip43
For additional information on amsmath, use the `?' option.
(/Users/vija/Library/TinyTeX/texmf-dist/tex/latex/amsmath/amstext.sty
Package: amstext 2000/06/29 v2.01 AMS text
(/Users/vija/Library/TinyTeX/texmf-dist/tex/latex/amsmath/amsgen.sty
File: amsgen.sty 1999/11/30 v2.0 generic functions
\@emptytoks=\toks15
\ex@=\dimen103
)) (/Users/vija/Library/TinyTeX/texmf-dist/tex/latex/amsmath/amsbsy.sty
Package: amsbsy 1999/11/29 v1.2d Bold Symbols
\pmbraise@=\dimen104
) (/Users/vija/Library/TinyTeX/texmf-dist/tex/latex/amsmath/amsopn.sty
Package: amsopn 2016/03/08 v2.02 operator names
)
\inf@bad=\count89
LaTeX Info: Redefining \frac on input line 213.
\uproot@=\count90
\leftroot@=\count91
LaTeX Info: Redefining \overline on input line 375.
\classnum@=\count92
\DOTSCASE@=\count93
LaTeX Info: Redefining \ldots on input line 472.
LaTeX Info: Redefining \dots on input line 475.
LaTeX Info: Redefining \cdots on input line 596.
\Mathstrutbox@=\box26
\strutbox@=\box27
\big@size=\dimen105
LaTeX Font Info:    Redeclaring font encoding OML on input line 712.
LaTeX Font Info:    Redeclaring font encoding OMS on input line 713.
\macc@depth=\count94
\c@MaxMatrixCols=\count95
\dotsspace@=\muskip10
\c@parentequation=\count96
\dspbrk@lvl=\count97
\tag@help=\toks16
\row@=\count98
\column@=\count99
\maxfields@=\count100
\andhelp@=\toks17
\eqnshift@=\dimen106
\alignsep@=\dimen107
\tagshift@=\dimen108
\tagwidth@=\dimen109
\totwidth@=\dimen110
\lineht@=\dimen111
\@envbody=\toks18
\multlinegap=\skip44
\multlinetaggap=\skip45
\mathdisplay@stack=\toks19
LaTeX Info: Redefining \[ on input line 2817.
LaTeX Info: Redefining \] on input line 2818.
) (/Users/vija/Library/TinyTeX/texmf-dist/tex/generic/ifxetex/ifxetex.sty
Package: ifxetex 2010/09/12 v0.6 Provides ifxetex conditional
) (/Users/vija/Library/TinyTeX/texmf-dist/tex/generic/oberdiek/ifluatex.sty
Package: ifluatex 2016/05/16 v1.4 Provides the ifluatex switch (HO)
Package ifluatex Info: LuaTeX not detected.
) (/Users/vija/Library/TinyTeX/texmf-dist/tex/latex/base/fixltx2e.sty
Package: fixltx2e 2016/12/29 v2.1a fixes to LaTeX (obsolete)
Applying: [2015/01/01] Old fixltx2e package on input line 46.

Package fixltx2e Warning: fixltx2e is not required with releases after 2015
(fixltx2e)                All fixes are now in the LaTeX kernel.
(fixltx2e)                See the latexrelease package for details.

Already applied: [0000/00/00] Old fixltx2e package on input line 53.
) (/Users/vija/Library/TinyTeX/texmf-dist/tex/latex/base/fontenc.sty
Package: fontenc 2017/04/05 v2.0i Standard LaTeX package
(/Users/vija/Library/TinyTeX/texmf-dist/tex/latex/base/t1enc.def
File: t1enc.def 2017/04/05 v2.0i Standard LaTeX file
LaTeX Font Info:    Redeclaring font encoding T1 on input line 48.
)) (/Users/vija/Library/TinyTeX/texmf-dist/tex/latex/base/inputenc.sty
Package: inputenc 2018/04/06 v1.3b Input encoding file
\inpenc@prehook=\toks20
\inpenc@posthook=\toks21
) (/Users/vija/Library/TinyTeX/texmf-dist/tex/latex/upquote/upquote.sty
Package: upquote 2012/04/19 v1.3 upright-quote and grave-accent glyphs in verba
tim
(/Users/vija/Library/TinyTeX/texmf-dist/tex/latex/base/textcomp.sty
Package: textcomp 2017/04/05 v2.0i Standard LaTeX package
Package textcomp Info: Sub-encoding information:
(textcomp)               5 = only ISO-Adobe without \textcurrency
(textcomp)               4 = 5 + \texteuro
(textcomp)               3 = 4 + \textohm
(textcomp)               2 = 3 + \textestimated + \textcurrency
(textcomp)               1 = TS1 - \textcircled - \t
(textcomp)               0 = TS1 (full)
(textcomp)             Font families with sub-encoding setting implement
(textcomp)             only a restricted character set as indicated.
(textcomp)             Family '?' is the default used for unknown fonts.
(textcomp)             See the documentation for details.
Package textcomp Info: Setting ? sub-encoding to TS1/1 on input line 79.
(/Users/vija/Library/TinyTeX/texmf-dist/tex/latex/base/ts1enc.def
File: ts1enc.def 2001/06/05 v3.0e (jk/car/fm) Standard LaTeX file
Now handling font encoding TS1 ...
... processing UTF-8 mapping file for font encoding TS1
(/Users/vija/Library/TinyTeX/texmf-dist/tex/latex/base/ts1enc.dfu
File: ts1enc.dfu 2018/04/05 v1.2c UTF-8 support for inputenc
   defining Unicode char U+00A2 (decimal 162)
   defining Unicode char U+00A3 (decimal 163)
   defining Unicode char U+00A4 (decimal 164)
   defining Unicode char U+00A5 (decimal 165)
   defining Unicode char U+00A6 (decimal 166)
   defining Unicode char U+00A7 (decimal 167)
   defining Unicode char U+00A8 (decimal 168)
   defining Unicode char U+00A9 (decimal 169)
   defining Unicode char U+00AA (decimal 170)
   defining Unicode char U+00AC (decimal 172)
   defining Unicode char U+00AE (decimal 174)
   defining Unicode char U+00AF (decimal 175)
   defining Unicode char U+00B0 (decimal 176)
   defining Unicode char U+00B1 (decimal 177)
   defining Unicode char U+00B2 (decimal 178)
   defining Unicode char U+00B3 (decimal 179)
   defining Unicode char U+00B4 (decimal 180)
   defining Unicode char U+00B5 (decimal 181)
   defining Unicode char U+00B6 (decimal 182)
   defining Unicode char U+00B7 (decimal 183)
   defining Unicode char U+00B9 (decimal 185)
   defining Unicode char U+00BA (decimal 186)
   defining Unicode char U+00BC (decimal 188)
   defining Unicode char U+00BD (decimal 189)
   defining Unicode char U+00BE (decimal 190)
   defining Unicode char U+00D7 (decimal 215)
   defining Unicode char U+00F7 (decimal 247)
   defining Unicode char U+0192 (decimal 402)
   defining Unicode char U+02C7 (decimal 711)
   defining Unicode char U+02D8 (decimal 728)
   defining Unicode char U+02DD (decimal 733)
   defining Unicode char U+0E3F (decimal 3647)
   defining Unicode char U+2016 (decimal 8214)
   defining Unicode char U+2020 (decimal 8224)
   defining Unicode char U+2021 (decimal 8225)
   defining Unicode char U+2022 (decimal 8226)
   defining Unicode char U+2030 (decimal 8240)
   defining Unicode char U+2031 (decimal 8241)
   defining Unicode char U+203B (decimal 8251)
   defining Unicode char U+203D (decimal 8253)
   defining Unicode char U+2044 (decimal 8260)
   defining Unicode char U+204E (decimal 8270)
   defining Unicode char U+2052 (decimal 8274)
   defining Unicode char U+20A1 (decimal 8353)
   defining Unicode char U+20A4 (decimal 8356)
   defining Unicode char U+20A6 (decimal 8358)
   defining Unicode char U+20A9 (decimal 8361)
   defining Unicode char U+20AB (decimal 8363)
   defining Unicode char U+20AC (decimal 8364)
   defining Unicode char U+20B1 (decimal 8369)
   defining Unicode char U+2103 (decimal 8451)
   defining Unicode char U+2116 (decimal 8470)
   defining Unicode char U+2117 (decimal 8471)
   defining Unicode char U+211E (decimal 8478)
   defining Unicode char U+2120 (decimal 8480)
   defining Unicode char U+2122 (decimal 8482)
   defining Unicode char U+2126 (decimal 8486)
   defining Unicode char U+2127 (decimal 8487)
   defining Unicode char U+212E (decimal 8494)
   defining Unicode char U+2190 (decimal 8592)
   defining Unicode char U+2191 (decimal 8593)
   defining Unicode char U+2192 (decimal 8594)
   defining Unicode char U+2193 (decimal 8595)
   defining Unicode char U+2329 (decimal 9001)
   defining Unicode char U+232A (decimal 9002)
   defining Unicode char U+2422 (decimal 9250)
   defining Unicode char U+25E6 (decimal 9702)
   defining Unicode char U+25EF (decimal 9711)
   defining Unicode char U+266A (decimal 9834)
   defining Unicode char U+FEFF (decimal 65279)
))
LaTeX Info: Redefining \oldstylenums on input line 334.
Package textcomp Info: Setting cmr sub-encoding to TS1/0 on input line 349.
Package textcomp Info: Setting cmss sub-encoding to TS1/0 on input line 350.
Package textcomp Info: Setting cmtt sub-encoding to TS1/0 on input line 351.
Package textcomp Info: Setting cmvtt sub-encoding to TS1/0 on input line 352.
Package textcomp Info: Setting cmbr sub-encoding to TS1/0 on input line 353.
Package textcomp Info: Setting cmtl sub-encoding to TS1/0 on input line 354.
Package textcomp Info: Setting ccr sub-encoding to TS1/0 on input line 355.
Package textcomp Info: Setting ptm sub-encoding to TS1/4 on input line 356.
Package textcomp Info: Setting pcr sub-encoding to TS1/4 on input line 357.
Package textcomp Info: Setting phv sub-encoding to TS1/4 on input line 358.
Package textcomp Info: Setting ppl sub-encoding to TS1/3 on input line 359.
Package textcomp Info: Setting pag sub-encoding to TS1/4 on input line 360.
Package textcomp Info: Setting pbk sub-encoding to TS1/4 on input line 361.
Package textcomp Info: Setting pnc sub-encoding to TS1/4 on input line 362.
Package textcomp Info: Setting pzc sub-encoding to TS1/4 on input line 363.
Package textcomp Info: Setting bch sub-encoding to TS1/4 on input line 364.
Package textcomp Info: Setting put sub-encoding to TS1/5 on input line 365.
Package textcomp Info: Setting uag sub-encoding to TS1/5 on input line 366.
Package textcomp Info: Setting ugq sub-encoding to TS1/5 on input line 367.
Package textcomp Info: Setting ul8 sub-encoding to TS1/4 on input line 368.
Package textcomp Info: Setting ul9 sub-encoding to TS1/4 on input line 369.
Package textcomp Info: Setting augie sub-encoding to TS1/5 on input line 370.
Package textcomp Info: Setting dayrom sub-encoding to TS1/3 on input line 371.
Package textcomp Info: Setting dayroms sub-encoding to TS1/3 on input line 372.

Package textcomp Info: Setting pxr sub-encoding to TS1/0 on input line 373.
Package textcomp Info: Setting pxss sub-encoding to TS1/0 on input line 374.
Package textcomp Info: Setting pxtt sub-encoding to TS1/0 on input line 375.
Package textcomp Info: Setting txr sub-encoding to TS1/0 on input line 376.
Package textcomp Info: Setting txss sub-encoding to TS1/0 on input line 377.
Package textcomp Info: Setting txtt sub-encoding to TS1/0 on input line 378.
Package textcomp Info: Setting lmr sub-encoding to TS1/0 on input line 379.
Package textcomp Info: Setting lmdh sub-encoding to TS1/0 on input line 380.
Package textcomp Info: Setting lmss sub-encoding to TS1/0 on input line 381.
Package textcomp Info: Setting lmssq sub-encoding to TS1/0 on input line 382.
Package textcomp Info: Setting lmvtt sub-encoding to TS1/0 on input line 383.
Package textcomp Info: Setting lmtt sub-encoding to TS1/0 on input line 384.
Package textcomp Info: Setting qhv sub-encoding to TS1/0 on input line 385.
Package textcomp Info: Setting qag sub-encoding to TS1/0 on input line 386.
Package textcomp Info: Setting qbk sub-encoding to TS1/0 on input line 387.
Package textcomp Info: Setting qcr sub-encoding to TS1/0 on input line 388.
Package textcomp Info: Setting qcs sub-encoding to TS1/0 on input line 389.
Package textcomp Info: Setting qpl sub-encoding to TS1/0 on input line 390.
Package textcomp Info: Setting qtm sub-encoding to TS1/0 on input line 391.
Package textcomp Info: Setting qzc sub-encoding to TS1/0 on input line 392.
Package textcomp Info: Setting qhvc sub-encoding to TS1/0 on input line 393.
Package textcomp Info: Setting futs sub-encoding to TS1/4 on input line 394.
Package textcomp Info: Setting futx sub-encoding to TS1/4 on input line 395.
Package textcomp Info: Setting futj sub-encoding to TS1/4 on input line 396.
Package textcomp Info: Setting hlh sub-encoding to TS1/3 on input line 397.
Package textcomp Info: Setting hls sub-encoding to TS1/3 on input line 398.
Package textcomp Info: Setting hlst sub-encoding to TS1/3 on input line 399.
Package textcomp Info: Setting hlct sub-encoding to TS1/5 on input line 400.
Package textcomp Info: Setting hlx sub-encoding to TS1/5 on input line 401.
Package textcomp Info: Setting hlce sub-encoding to TS1/5 on input line 402.
Package textcomp Info: Setting hlcn sub-encoding to TS1/5 on input line 403.
Package textcomp Info: Setting hlcw sub-encoding to TS1/5 on input line 404.
Package textcomp Info: Setting hlcf sub-encoding to TS1/5 on input line 405.
Package textcomp Info: Setting pplx sub-encoding to TS1/3 on input line 406.
Package textcomp Info: Setting pplj sub-encoding to TS1/3 on input line 407.
Package textcomp Info: Setting ptmx sub-encoding to TS1/4 on input line 408.
Package textcomp Info: Setting ptmj sub-encoding to TS1/4 on input line 409.
)) (/Users/vija/Library/TinyTeX/texmf-dist/tex/latex/geometry/geometry.sty
Package: geometry 2018/04/16 v5.8 Page Geometry
(/Users/vija/Library/TinyTeX/texmf-dist/tex/latex/graphics/keyval.sty
Package: keyval 2014/10/28 v1.15 key=value parser (DPC)
\KV@toks@=\toks22
) (/Users/vija/Library/TinyTeX/texmf-dist/tex/generic/oberdiek/ifpdf.sty
Package: ifpdf 2017/03/15 v3.2 Provides the ifpdf switch
) (/Users/vija/Library/TinyTeX/texmf-dist/tex/generic/oberdiek/ifvtex.sty
Package: ifvtex 2016/05/16 v1.6 Detect VTeX and its facilities (HO)
Package ifvtex Info: VTeX not detected.
)
\Gm@cnth=\count101
\Gm@cntv=\count102
\c@Gm@tempcnt=\count103
\Gm@bindingoffset=\dimen112
\Gm@wd@mp=\dimen113
\Gm@odd@mp=\dimen114
\Gm@even@mp=\dimen115
\Gm@layoutwidth=\dimen116
\Gm@layoutheight=\dimen117
\Gm@layouthoffset=\dimen118
\Gm@layoutvoffset=\dimen119
\Gm@dimlist=\toks23
) (/Users/vija/Library/TinyTeX/texmf-dist/tex/latex/hyperref/hyperref.sty
Package: hyperref 2018/02/06 v6.86b Hypertext links for LaTeX

(/Users/vija/Library/TinyTeX/texmf-dist/tex/generic/oberdiek/hobsub-hyperref.st
y
Package: hobsub-hyperref 2016/05/16 v1.14 Bundle oberdiek, subset hyperref (HO)


(/Users/vija/Library/TinyTeX/texmf-dist/tex/generic/oberdiek/hobsub-generic.sty
Package: hobsub-generic 2016/05/16 v1.14 Bundle oberdiek, subset generic (HO)
Package: hobsub 2016/05/16 v1.14 Construct package bundles (HO)
Package: infwarerr 2016/05/16 v1.4 Providing info/warning/error messages (HO)
Package: ltxcmds 2016/05/16 v1.23 LaTeX kernel commands for general use (HO)
Package hobsub Info: Skipping package `ifluatex' (already loaded).
Package hobsub Info: Skipping package `ifvtex' (already loaded).
Package: intcalc 2016/05/16 v1.2 Expandable calculations with integers (HO)
Package hobsub Info: Skipping package `ifpdf' (already loaded).
Package: etexcmds 2016/05/16 v1.6 Avoid name clashes with e-TeX commands (HO)
Package etexcmds Info: Could not find \expanded.
(etexcmds)             That can mean that you are not using pdfTeX 1.50 or
(etexcmds)             that some package has redefined \expanded.
(etexcmds)             In the latter case, load this package earlier.
Package: kvsetkeys 2016/05/16 v1.17 Key value parser (HO)
Package: kvdefinekeys 2016/05/16 v1.4 Define keys (HO)
Package: pdftexcmds 2018/01/30 v0.27 Utility functions of pdfTeX for LuaTeX (HO
)
Package pdftexcmds Info: LuaTeX not detected.
Package pdftexcmds Info: \pdf@primitive is available.
Package pdftexcmds Info: \pdf@ifprimitive is available.
Package pdftexcmds Info: \pdfdraftmode found.
Package: pdfescape 2016/05/16 v1.14 Implements pdfTeX's escape features (HO)
Package: bigintcalc 2016/05/16 v1.4 Expandable calculations on big integers (HO
)
Package: bitset 2016/05/16 v1.2 Handle bit-vector datatype (HO)
Package: uniquecounter 2016/05/16 v1.3 Provide unlimited unique counter (HO)
)
Package hobsub Info: Skipping package `hobsub' (already loaded).
Package: letltxmacro 2016/05/16 v1.5 Let assignment for LaTeX macros (HO)
Package: hopatch 2016/05/16 v1.3 Wrapper for package hooks (HO)
Package: xcolor-patch 2016/05/16 xcolor patch
Package: atveryend 2016/05/16 v1.9 Hooks at the very end of document (HO)
Package atveryend Info: \enddocument detected (standard20110627).
Package: atbegshi 2016/06/09 v1.18 At begin shipout hook (HO)
Package: refcount 2016/05/16 v3.5 Data extraction from label references (HO)
Package: hycolor 2016/05/16 v1.8 Color options for hyperref/bookmark (HO)
) (/Users/vija/Library/TinyTeX/texmf-dist/tex/latex/oberdiek/auxhook.sty
Package: auxhook 2016/05/16 v1.4 Hooks for auxiliary files (HO)
) (/Users/vija/Library/TinyTeX/texmf-dist/tex/latex/oberdiek/kvoptions.sty
Package: kvoptions 2016/05/16 v3.12 Key value format for package options (HO)
)
\@linkdim=\dimen120
\Hy@linkcounter=\count104
\Hy@pagecounter=\count105
(/Users/vija/Library/TinyTeX/texmf-dist/tex/latex/hyperref/pd1enc.def
File: pd1enc.def 2018/02/06 v6.86b Hyperref: PDFDocEncoding definition (HO)
Now handling font encoding PD1 ...
... no UTF-8 mapping file for font encoding PD1
)
\Hy@SavedSpaceFactor=\count106
(/Users/vija/Library/TinyTeX/texmf-dist/tex/latex/latexconfig/hyperref.cfg
File: hyperref.cfg 2002/06/06 v1.2 hyperref configuration of TeXLive
)
Package hyperref Info: Hyper figures OFF on input line 4509.
Package hyperref Info: Link nesting OFF on input line 4514.
Package hyperref Info: Hyper index ON on input line 4517.
Package hyperref Info: Plain pages OFF on input line 4524.
Package hyperref Info: Backreferencing OFF on input line 4529.
Package hyperref Info: Implicit mode ON; LaTeX internals redefined.
Package hyperref Info: Bookmarks ON on input line 4762.
\c@Hy@tempcnt=\count107
(/Users/vija/Library/TinyTeX/texmf-dist/tex/latex/url/url.sty
\Urlmuskip=\muskip11
Package: url 2013/09/16  ver 3.4  Verb mode for urls, etc.
)
LaTeX Info: Redefining \url on input line 5115.
\XeTeXLinkMargin=\dimen121
\Fld@menulength=\count108
\Field@Width=\dimen122
\Fld@charsize=\dimen123
Package hyperref Info: Hyper figures OFF on input line 6369.
Package hyperref Info: Link nesting OFF on input line 6374.
Package hyperref Info: Hyper index ON on input line 6377.
Package hyperref Info: backreferencing OFF on input line 6384.
Package hyperref Info: Link coloring OFF on input line 6389.
Package hyperref Info: Link coloring with OCG OFF on input line 6394.
Package hyperref Info: PDF/A mode OFF on input line 6399.
LaTeX Info: Redefining \ref on input line 6439.
LaTeX Info: Redefining \pageref on input line 6443.
\Hy@abspage=\count109
\c@Item=\count110
\c@Hfootnote=\count111
)
Package hyperref Info: Driver (autodetected): hpdftex.
(/Users/vija/Library/TinyTeX/texmf-dist/tex/latex/hyperref/hpdftex.def
File: hpdftex.def 2018/02/06 v6.86b Hyperref driver for pdfTeX
\Fld@listcount=\count112
\c@bookmark@seq@number=\count113
(/Users/vija/Library/TinyTeX/texmf-dist/tex/latex/oberdiek/rerunfilecheck.sty
Package: rerunfilecheck 2016/05/16 v1.8 Rerun checks for auxiliary files (HO)
Package uniquecounter Info: New unique counter `rerunfilecheck' on input line 2
82.
)
\Hy@SectionHShift=\skip46
)
Package hyperref Info: Option `unicode' set `true' on input line 29.
(/Users/vija/Library/TinyTeX/texmf-dist/tex/latex/hyperref/puenc.def
File: puenc.def 2018/02/06 v6.86b Hyperref: PDF Unicode definition (HO)
Now handling font encoding PU ...
... no UTF-8 mapping file for font encoding PU
)
Package hyperref Info: Option `breaklinks' set `true' on input line 29.
(/Users/vija/Library/TinyTeX/texmf-dist/tex/latex/tools/longtable.sty
Package: longtable 2014/10/28 v4.11 Multi-page Table package (DPC)
\LTleft=\skip47
\LTright=\skip48
\LTpre=\skip49
\LTpost=\skip50
\LTchunksize=\count114
\LTcapwidth=\dimen124
\LT@head=\box28
\LT@firsthead=\box29
\LT@foot=\box30
\LT@lastfoot=\box31
\LT@cols=\count115
\LT@rows=\count116
\c@LT@tables=\count117
\c@LT@chunks=\count118
\LT@p@ftn=\toks24
) (/Users/vija/Library/TinyTeX/texmf-dist/tex/latex/booktabs/booktabs.sty
Package: booktabs 2016/04/27 v1.618033 publication quality tables
\heavyrulewidth=\dimen125
\lightrulewidth=\dimen126
\cmidrulewidth=\dimen127
\belowrulesep=\dimen128
\belowbottomsep=\dimen129
\aboverulesep=\dimen130
\abovetopsep=\dimen131
\cmidrulesep=\dimen132
\cmidrulekern=\dimen133
\defaultaddspace=\dimen134
\@cmidla=\count119
\@cmidlb=\count120
\@aboverulesep=\dimen135
\@belowrulesep=\dimen136
\@thisruleclass=\count121
\@lastruleclass=\count122
\@thisrulewidth=\dimen137
) (/Users/vija/Library/TinyTeX/texmf-dist/tex/latex/graphics/graphicx.sty
Package: graphicx 2017/06/01 v1.1a Enhanced LaTeX Graphics (DPC,SPQR)
(/Users/vija/Library/TinyTeX/texmf-dist/tex/latex/graphics/graphics.sty
Package: graphics 2017/06/25 v1.2c Standard LaTeX Graphics (DPC,SPQR)
(/Users/vija/Library/TinyTeX/texmf-dist/tex/latex/graphics/trig.sty
Package: trig 2016/01/03 v1.10 sin cos tan (DPC)
) (/Users/vija/Library/TinyTeX/texmf-dist/tex/latex/graphics-cfg/graphics.cfg
File: graphics.cfg 2016/06/04 v1.11 sample graphics configuration
)
Package graphics Info: Driver file: pdftex.def on input line 99.
(/Users/vija/Library/TinyTeX/texmf-dist/tex/latex/graphics-def/pdftex.def
File: pdftex.def 2018/01/08 v1.0l Graphics/color driver for pdftex
))
\Gin@req@height=\dimen138
\Gin@req@width=\dimen139
) (/Users/vija/Library/TinyTeX/texmf-dist/tex/latex/oberdiek/grffile.sty
Package: grffile 2017/06/30 v1.18 Extended file name support for graphics (HO)
Package grffile Info: Option `multidot' is set to `true'.
Package grffile Info: Option `extendedchars' is set to `false'.
Package grffile Info: Option `space' is set to `true'.
Package grffile Info: \Gin@ii of package `graphicx' fixed on input line 494.
) (/Users/vija/Library/TinyTeX/texmf-dist/tex/latex/titling/titling.sty
Package: titling 2009/09/04 v2.1d maketitle typesetting
\thanksmarkwidth=\skip51
\thanksmargin=\skip52
\droptitle=\skip53
)
No file dataMaid_trees.aux.
\openout1 = `dataMaid_trees.aux'.

LaTeX Font Info:    Checking defaults for OML/cmm/m/it on input line 93.
LaTeX Font Info:    ... okay on input line 93.
LaTeX Font Info:    Checking defaults for T1/cmr/m/n on input line 93.
LaTeX Font Info:    ... okay on input line 93.
LaTeX Font Info:    Checking defaults for OT1/cmr/m/n on input line 93.
LaTeX Font Info:    ... okay on input line 93.
LaTeX Font Info:    Checking defaults for OMS/cmsy/m/n on input line 93.
LaTeX Font Info:    ... okay on input line 93.
LaTeX Font Info:    Checking defaults for OMX/cmex/m/n on input line 93.
LaTeX Font Info:    ... okay on input line 93.
LaTeX Font Info:    Checking defaults for U/cmr/m/n on input line 93.
LaTeX Font Info:    ... okay on input line 93.
LaTeX Font Info:    Checking defaults for TS1/cmr/m/n on input line 93.
LaTeX Font Info:    Try loading font information for TS1+cmr on input line 93.
(/Users/vija/Library/TinyTeX/texmf-dist/tex/latex/base/ts1cmr.fd
File: ts1cmr.fd 2014/09/29 v2.5h Standard LaTeX font definitions
)
LaTeX Font Info:    ... okay on input line 93.
LaTeX Font Info:    Checking defaults for PD1/pdf/m/n on input line 93.
LaTeX Font Info:    ... okay on input line 93.
LaTeX Font Info:    Checking defaults for PU/pdf/m/n on input line 93.
LaTeX Font Info:    ... okay on input line 93.
LaTeX Font Info:    Try loading font information for T1+lmr on input line 93.
(/Users/vija/Library/TinyTeX/texmf-dist/tex/latex/lm/t1lmr.fd
File: t1lmr.fd 2009/10/30 v1.6 Font defs for Latin Modern
)
*geometry* driver: auto-detecting
*geometry* detected driver: pdftex
*geometry* verbose mode - [ preamble ] result:
* driver: pdftex
* paper: <default>
* layout: <same size as paper>
* layoutoffset:(h,v)=(0.0pt,0.0pt)
* modes: 
* h-part:(L,W,R)=(72.26999pt, 469.75502pt, 72.26999pt)
* v-part:(T,H,B)=(72.26999pt, 650.43001pt, 72.26999pt)
* \paperwidth=614.295pt
* \paperheight=794.96999pt
* \textwidth=469.75502pt
* \textheight=650.43001pt
* \oddsidemargin=0.0pt
* \evensidemargin=0.0pt
* \topmargin=-37.0pt
* \headheight=12.0pt
* \headsep=25.0pt
* \topskip=10.0pt
* \footskip=30.0pt
* \marginparwidth=65.0pt
* \marginparsep=11.0pt
* \columnsep=10.0pt
* \skip\footins=9.0pt plus 4.0pt minus 2.0pt
* \hoffset=0.0pt
* \voffset=0.0pt
* \mag=1000
* \@twocolumnfalse
* \@twosidefalse
* \@mparswitchfalse
* \@reversemarginfalse
* (1in=72.27pt=25.4mm, 1cm=28.453pt)

\AtBeginShipoutBox=\box32
Package hyperref Info: Link coloring OFF on input line 93.
(/Users/vija/Library/TinyTeX/texmf-dist/tex/latex/hyperref/nameref.sty
Package: nameref 2016/05/21 v2.44 Cross-referencing by name of section

(/Users/vija/Library/TinyTeX/texmf-dist/tex/generic/oberdiek/gettitlestring.sty
Package: gettitlestring 2016/05/16 v1.5 Cleanup title references (HO)
)
\c@section@level=\count123
)
LaTeX Info: Redefining \ref on input line 93.
LaTeX Info: Redefining \pageref on input line 93.
LaTeX Info: Redefining \nameref on input line 93.
\@outlinefile=\write3
\openout3 = `dataMaid_trees.out'.

(/Users/vija/Library/TinyTeX/texmf-dist/tex/latex/oberdiek/epstopdf-base.sty
Package: epstopdf-base 2016/05/15 v2.6 Base part for package epstopdf
(/Users/vija/Library/TinyTeX/texmf-dist/tex/latex/oberdiek/grfext.sty
Package: grfext 2016/05/16 v1.2 Manage graphics extensions (HO)
)
Package epstopdf-base Info: Redefining graphics rule for `.eps' on input line 4
38.
Package grfext Info: Graphics extension search list:
(grfext)             [.pdf,.png,.jpg,.mps,.jpeg,.jbig2,.jb2,.PDF,.PNG,.JPG,.JPE
G,.JBIG2,.JB2,.eps]
(grfext)             \AppendGraphicsExtensions on input line 456.
(/Users/vija/Library/TinyTeX/texmf-dist/tex/latex/latexconfig/epstopdf-sys.cfg
File: epstopdf-sys.cfg 2010/07/13 v1.3 Configuration of (r)epstopdf for TeX Liv
e
)) [1

{/Users/vija/Library/TinyTeX/texmf-var/fonts/map/pdftex/updmap/pdftex.map}]
Part 1.

Package hyperref Warning: Difference (2) between bookmark levels is greater 
(hyperref)                than one, level fixed on input line 124.


Overfull \hbox (12.14943pt too wide) in paragraph at lines 134--135
 []\T1/lmr/m/n/10 character| 
 []


Overfull \hbox (5.42691pt too wide) in paragraph at lines 138--139
 []\T1/lmr/m/n/10 labelled| 
 []


Overfull \hbox (6.56549pt too wide) in paragraph at lines 142--143
 []\T1/lmr/m/n/10 numeric| 
 []


Overfull \hbox (1.56601pt too wide) in paragraph at lines 144--145
 []\T1/lmr/m/n/10 integer| 
 []


Overfull \hbox (4.28859pt too wide) in paragraph at lines 146--147
 []\T1/lmr/m/n/10 logical| 
 []

LaTeX Font Info:    Try loading font information for OT1+lmr on input line 155.

(/Users/vija/Library/TinyTeX/texmf-dist/tex/latex/lm/ot1lmr.fd
File: ot1lmr.fd 2009/10/30 v1.6 Font defs for Latin Modern
)
LaTeX Font Info:    Try loading font information for OML+lmm on input line 155.

(/Users/vija/Library/TinyTeX/texmf-dist/tex/latex/lm/omllmm.fd
File: omllmm.fd 2009/10/30 v1.6 Font defs for Latin Modern
)
LaTeX Font Info:    Try loading font information for OMS+lmsy on input line 155
.
(/Users/vija/Library/TinyTeX/texmf-dist/tex/latex/lm/omslmsy.fd
File: omslmsy.fd 2009/10/30 v1.6 Font defs for Latin Modern
)
LaTeX Font Info:    Try loading font information for OMX+lmex on input line 155
.
(/Users/vija/Library/TinyTeX/texmf-dist/tex/latex/lm/omxlmex.fd
File: omxlmex.fd 2009/10/30 v1.6 Font defs for Latin Modern
)
LaTeX Font Info:    External font `lmex10' loaded for size
(Font)              <10> on input line 155.
LaTeX Font Info:    External font `lmex10' loaded for size
(Font)              <7> on input line 155.
LaTeX Font Info:    External font `lmex10' loaded for size
(Font)              <5> on input line 155.
LaTeX Font Info:    Try loading font information for U+msa on input line 155.
(/Users/vija/Library/TinyTeX/texmf-dist/tex/latex/amsfonts/umsa.fd
File: umsa.fd 2013/01/14 v3.01 AMS symbols A
)
LaTeX Font Info:    Try loading font information for U+msb on input line 155.
(/Users/vija/Library/TinyTeX/texmf-dist/tex/latex/amsfonts/umsb.fd
File: umsb.fd 2013/01/14 v3.01 AMS symbols B
)pdfTeX warning (ext4): destination with the same identifier (name{page.1}) has
 been already used, duplicate ignored
<to be read again> 
                   \relax 
l.273 ...pter{Summary table}\label{summary-table}}
                                                   [1

]
Part 2.
[2

]
Part 3.
<dataMaid_trees_files/figure-latex/Var-1-Girth-1.pdf, id=38, 289.08pt x 216.81p
t>
File: dataMaid_trees_files/figure-latex/Var-1-Girth-1.pdf Graphic file (type pd
f)
<use dataMaid_trees_files/figure-latex/Var-1-Girth-1.pdf>
Package pdftex.def Info: dataMaid_trees_files/figure-latex/Var-1-Girth-1.pdf  u
sed on input line 379.
(pdftex.def)             Requested size: 117.43845pt x 88.07884pt.

Overfull \hbox (2.99828pt too wide) in paragraph at lines 391--392
[]\T1/lmr/m/n/10 Feature|  
 []


Overfull \hbox (16.52155pt too wide) in paragraph at lines 393--394
 []\T1/lmr/m/n/10 Result|
 []


Overfull \hbox (6.19229pt too wide) in paragraph at lines 398--399
[]\T1/lmr/m/n/10 Variable 
 []


Overfull \hbox (23.29893pt too wide) in paragraph at lines 400--401
 []\T1/lmr/m/n/10 numeric|
 []


Overfull \hbox (5.35861pt too wide) in paragraph at lines 403--404
[]\T1/lmr/m/n/10 Number 
 []


Overfull \hbox (0.7713pt too wide) in paragraph at lines 405--406
 \T1/lmr/m/n/10 %)|
 []


Overfull \hbox (5.35861pt too wide) in paragraph at lines 408--409
[]\T1/lmr/m/n/10 Number 
 []


Overfull \hbox (2.5537pt too wide) in paragraph at lines 413--414
[]\T1/lmr/m/n/10 Median|  
 []


Overfull \hbox (7.63712pt too wide) in paragraph at lines 418--419
\T1/lmr/m/n/10 quartiles|  
 []


Overfull \hbox (1.32706pt too wide) in paragraph at lines 420--421
 []\T1/lmr/m/n/10 72;
 []


Overfull \hbox (1.32706pt too wide) in paragraph at lines 425--426
 []\T1/lmr/m/n/10 63;
 []

<dataMaid_trees_files/figure-latex/Var-2-Height-1.pdf, id=39, 289.08pt x 216.81
pt>
File: dataMaid_trees_files/figure-latex/Var-2-Height-1.pdf Graphic file (type p
df)
<use dataMaid_trees_files/figure-latex/Var-2-Height-1.pdf>
Package pdftex.def Info: dataMaid_trees_files/figure-latex/Var-2-Height-1.pdf  
used on input line 433.
(pdftex.def)             Requested size: 29.3596pt x 22.0197pt.

Overfull \hbox (24.01503pt too wide) in paragraph at lines 438--438
[][]\T1/lmr/bx/n/14.4 Volume 
 []


Overfull \hbox (25.45819pt too wide) in paragraph at lines 445--446
[]\T1/lmr/m/n/10 Feature|  
 []


Overfull \hbox (24.22893pt too wide) in paragraph at lines 447--448
 []\T1/lmr/m/n/10 Result|
 []


Overfull \hbox (1.21022pt too wide) in alignment at lines 442--450
 [] [] 
 []


Overfull \hbox (28.6522pt too wide) in paragraph at lines 452--453
[]\T1/lmr/m/n/10 Variable 
 []


Overfull \hbox (11.68036pt too wide) in paragraph at lines 452--453
\T1/lmr/m/n/10 type|  
 []


Overfull \hbox (31.00632pt too wide) in paragraph at lines 454--455
 []\T1/lmr/m/n/10 numeric|
 []


Overfull \hbox (27.81853pt too wide) in paragraph at lines 457--458
[]\T1/lmr/m/n/10 Number 
 []


Overfull \hbox (0.56886pt too wide) in paragraph at lines 457--458
\T1/lmr/m/n/10 of 
 []


Overfull \hbox (14.84642pt too wide) in paragraph at lines 457--458
\T1/lmr/m/n/10 miss- 
 []


Overfull \hbox (5.84662pt too wide) in paragraph at lines 457--458
\T1/lmr/m/n/10 ing 
 []


Overfull \hbox (9.7911pt too wide) in paragraph at lines 457--458
\T1/lmr/m/n/10 obs.|  
 []


Overfull \hbox (1.25668pt too wide) in paragraph at lines 459--460
 []\T1/lmr/m/n/10 0
 []


Overfull \hbox (5.14569pt too wide) in paragraph at lines 459--460
 \T1/lmr/m/n/10 (0
 []


Overfull \hbox (8.47868pt too wide) in paragraph at lines 459--460
 \T1/lmr/m/n/10 %)|
 []


Overfull \hbox (27.81853pt too wide) in paragraph at lines 462--463
[]\T1/lmr/m/n/10 Number 
 []


Overfull \hbox (0.56886pt too wide) in paragraph at lines 462--463
\T1/lmr/m/n/10 of 
 []


Overfull \hbox (21.6801pt too wide) in paragraph at lines 462--463
\T1/lmr/m/n/10 unique 
 []


Overfull \hbox (18.95804pt too wide) in paragraph at lines 462--463
\T1/lmr/m/n/10 values|  
 []


Overfull \hbox (6.25668pt too wide) in paragraph at lines 464--465
 []\T1/lmr/m/n/10 30|
 []


Overfull \hbox (25.01361pt too wide) in paragraph at lines 467--468
[]\T1/lmr/m/n/10 Median|  
 []


Overfull \hbox (14.03444pt too wide) in paragraph at lines 469--470
 []\T1/lmr/m/n/10 24.2|
 []


Overfull \hbox (5.34686pt too wide) in paragraph at lines 472--473
[]\T1/lmr/m/n/10 1st 
 []


Overfull \hbox (8.62436pt too wide) in paragraph at lines 472--473
\T1/lmr/m/n/10 and 
 []


Overfull \hbox (6.98553pt too wide) in paragraph at lines 472--473
\T1/lmr/m/n/10 3rd 
 []


Overfull \hbox (30.09703pt too wide) in paragraph at lines 472--473
\T1/lmr/m/n/10 quartiles|  
 []


Overfull \hbox (16.8122pt too wide) in paragraph at lines 474--475
 []\T1/lmr/m/n/10 19.4;
 []


Overfull \hbox (14.03444pt too wide) in paragraph at lines 474--475
 \T1/lmr/m/n/10 37.3|
 []


Overfull \hbox (12.79137pt too wide) in paragraph at lines 477--478
[]\T1/lmr/m/n/10 Min. 
 []


Overfull \hbox (8.62436pt too wide) in paragraph at lines 477--478
\T1/lmr/m/n/10 and 
 []


Overfull \hbox (13.9021pt too wide) in paragraph at lines 477--478
\T1/lmr/m/n/10 max.|  
 []


Overfull \hbox (16.8122pt too wide) in paragraph at lines 479--480
 []\T1/lmr/m/n/10 10.2;
 []


Overfull \hbox (6.25668pt too wide) in paragraph at lines 479--480
 \T1/lmr/m/n/10 77|
 []


Overfull \hbox (1.21022pt too wide) in alignment at lines 450--482
 [] [] 
 []

<dataMaid_trees_files/figure-latex/Var-3-Volume-1.pdf, id=40, 289.08pt x 216.81
pt>
File: dataMaid_trees_files/figure-latex/Var-3-Volume-1.pdf Graphic file (type p
df)
<use dataMaid_trees_files/figure-latex/Var-3-Volume-1.pdf>
Package pdftex.def Info: dataMaid_trees_files/figure-latex/Var-3-Volume-1.pdf  
used on input line 487.
(pdftex.def)             Requested size: 7.33989pt x 5.50491pt.
LaTeX Font Info:    Try loading font information for TS1+lmr on input line 492.

(/Users/vija/Library/TinyTeX/texmf-dist/tex/latex/lm/ts1lmr.fd
File: ts1lmr.fd 2009/10/30 v1.6 Font defs for Latin Modern
)
Overfull \hbox (17.66011pt too wide) in paragraph at lines 492--494
[]
 []


Overfull \hbox (38.49362pt too wide) in paragraph at lines 492--494
\T1/lmr/m/n/10 Note
 []


Overfull \hbox (35.99362pt too wide) in paragraph at lines 492--494
\T1/lmr/m/n/10 that
 []


Overfull \hbox (31.54912pt too wide) in paragraph at lines 492--494
\T1/lmr/m/n/10 the
 []


Overfull \hbox (31.82669pt too wide) in paragraph at lines 492--494
\T1/lmr/m/n/10 fol-
 []


Overfull \hbox (35.71541pt too wide) in paragraph at lines 492--494
\T1/lmr/m/n/10 low-
 []


Overfull \hbox (30.99336pt too wide) in paragraph at lines 492--494
\T1/lmr/m/n/10 ing
 []


Overfull \hbox (35.77121pt too wide) in paragraph at lines 492--494
\T1/lmr/m/n/10 pos-
 []


Overfull \hbox (27.71568pt too wide) in paragraph at lines 492--494
\T1/lmr/m/n/10 si-
 []


Overfull \hbox (30.43787pt too wide) in paragraph at lines 492--494
\T1/lmr/m/n/10 ble
 []


Overfull \hbox (35.43794pt too wide) in paragraph at lines 492--494
\T1/lmr/m/n/10 out-
 []


Overfull \hbox (31.5768pt too wide) in paragraph at lines 492--494
\T1/lmr/m/n/10 lier
 []


Overfull \hbox (33.49362pt too wide) in paragraph at lines 492--494
\T1/lmr/m/n/10 val-
 []


Overfull \hbox (31.6046pt too wide) in paragraph at lines 492--494
\T1/lmr/m/n/10 ues
 []


Overfull \hbox (37.41pt too wide) in paragraph at lines 492--494
\T1/lmr/m/n/10 were
 []


Overfull \hbox (30.99344pt too wide) in paragraph at lines 492--494
\T1/lmr/m/n/10 de-
 []


Overfull \hbox (47.10489pt too wide) in paragraph at lines 492--494
\T1/lmr/m/n/10 tected:
 []


Overfull \hbox (45.69109pt too wide) in paragraph at lines 492--494
\T1/lmr/m/n/10 "10.2",
 []


Overfull \hbox (45.69109pt too wide) in paragraph at lines 492--494
\T1/lmr/m/n/10 "10.3". 
 []


Overfull \hbox (23.10454pt too wide) in paragraph at lines 498--499
[]\T1/lmr/m/n/10 Report
 []


Overfull \hbox (10.99341pt too wide) in paragraph at lines 498--499
\T1/lmr/m/n/10 gen-
 []


Overfull \hbox (4.35458pt too wide) in paragraph at lines 498--499
\T1/lmr/m/n/10 er-
 []


Overfull \hbox (0.99341pt too wide) in paragraph at lines 498--499
\T1/lmr/m/n/10 a-
 []


Overfull \hbox (9.88234pt too wide) in paragraph at lines 498--499
\T1/lmr/m/n/10 tion
 []


Overfull \hbox (4.32666pt too wide) in paragraph at lines 498--499
\T1/lmr/m/n/10 in-
 []


Overfull \hbox (7.96558pt too wide) in paragraph at lines 498--499
\T1/lmr/m/n/10 for-
 []


Overfull \hbox (9.3264pt too wide) in paragraph at lines 498--499
\T1/lmr/m/n/10 ma-
 []


Overfull \hbox (12.6601pt too wide) in paragraph at lines 498--499
\T1/lmr/m/n/10 tion: 
 []

LaTeX Font Info:    Try loading font information for T1+lmtt on input line 502.

(/Users/vija/Library/TinyTeX/texmf-dist/tex/latex/lm/t1lmtt.fd
File: t1lmtt.fd 2009/10/30 v1.6 Font defs for Latin Modern
)
Overfull \hbox (17.66011pt too wide) in paragraph at lines 502--504
[]
 []


Overfull \hbox (52.1323pt too wide) in paragraph at lines 502--504
\T1/lmr/m/n/10 Created
 []


Overfull \hbox (28.2158pt too wide) in paragraph at lines 502--504
\T1/lmr/m/n/10 by
 []


Overfull \hbox (33.77135pt too wide) in paragraph at lines 502--504
\T1/lmr/m/n/10 vija
 []


Overfull \hbox (32.24336pt too wide) in paragraph at lines 502--504
\T1/lmr/m/n/10 Lin
 []


Overfull \hbox (42.7436pt too wide) in paragraph at lines 502--504
\T1/lmr/m/n/10 (user-
 []


Overfull \hbox (43.77086pt too wide) in paragraph at lines 502--504
\T1/lmr/m/n/10 name:
 []


Overfull \hbox (45.32681pt too wide) in paragraph at lines 502--504
\T1/lmtt/m/n/10 vija\T1/lmr/m/n/10 ). 
 []


! Package inputenc Error: Unicode character 日 (U+65E5)
(inputenc)                not set up for use with LaTeX.

See the inputenc package documentation for explanation.
Type  H <return>  for immediate help.
 ...                                              
                                                  
l.504   Report creation time: 日
                                  2 17 2019 02:48:37 
Here is how much of TeX's memory you used:
 10327 strings out of 494587
 146848 string characters out of 6177155
 220539 words of memory out of 5000000
 13824 multiletter control sequences out of 15000+600000
 45599 words of font info for 42 fonts, out of 8000000 for 9000
 14 hyphenation exceptions out of 8191
 28i,11n,32p,239b,452s stack positions out of 5000i,500n,10000p,200000b,80000s

!  ==> Fatal error occurred, no output PDF file produced!
